TN:
SF:src/repository/city.repository.json.ts
FN:5,getAll
FN:8,getById
FN:11,getByName
FNF:3
FNH:3
FNDA:1,getAll
FNDA:1,getById
FNDA:1,getByName
DA:1,1
DA:2,1
DA:3,1
DA:4,1
DA:5,1
DA:6,1
DA:7,1
DA:8,1
DA:9,1
DA:10,1
DA:11,1
DA:12,1
DA:13,1
DA:14,1
LF:14
LH:14
BRDA:5,0,0,1
BRDA:8,1,0,1
BRDA:11,2,0,1
BRF:3
BRH:3
end_of_record
TN:
SF:src/service/city.service.implementation.ts
FN:6,<instance_members_initializer>
FN:10,getAll
FN:13,getById
FN:16,getByName
FNF:4
FNH:4
FNDA:1,<instance_members_initializer>
FNDA:1,getAll
FNDA:1,getById
FNDA:1,getByName
DA:1,1
DA:2,1
DA:3,1
DA:4,1
DA:5,1
DA:6,1
DA:7,1
DA:8,1
DA:9,1
DA:10,1
DA:11,1
DA:12,1
DA:13,1
DA:14,1
DA:15,1
DA:16,1
DA:17,1
DA:18,1
DA:19,1
LF:19
LH:19
BRDA:6,0,0,1
BRDA:10,1,0,1
BRDA:13,2,0,1
BRDA:16,3,0,1
BRF:4
BRH:4
end_of_record
